11:14:43.979 [main] INFO  Example - Starting Example on Jarets-MacBook-Pro.local with PID 3069 (/Users/jbin/Desktop/Jaret/Tools/releasetest/depstestpeer/springboot-example/target/classes started by jbin in /Users/jbin/Desktop/Jaret/Tools/releasetest/depstestpeer/springboot-example)
11:14:43.982 [main] INFO  Example - No active profile set, falling back to default profiles: default
11:14:44.263 [main] INFO  o.s.b.w.s.c.AnnotationConfigServletWebServerApplicationContext - Refreshing org.springframework.boot.web.servlet.context.AnnotationConfigServletWebServerApplicationContext@674e61cd: startup date [Mon Sep 17 11:14:44 EDT 2018]; root of context hierarchy
11:14:45.149 [main] INFO  o.s.b.w.e.tomcat.TomcatWebServer - Tomcat initialized with port(s): 8080 (http)
11:14:45.163 [main] INFO  o.a.coyote.http11.Http11NioProtocol - Initializing ProtocolHandler ["http-nio-8080"]
11:14:45.172 [main] INFO  o.a.catalina.core.StandardService - Starting service [Tomcat]
11:14:45.172 [main] INFO  o.a.catalina.core.StandardEngine - Starting Servlet Engine: Apache Tomcat/8.5.34
11:14:45.184 [localhost-startStop-1] INFO  o.a.c.core.AprLifecycleListener - The APR based Apache Tomcat Native library which allows optimal performance in production environments was not found on the java.library.path: [/Users/jbin/Library/Java/Extensions:/Library/Java/Extensions:/Network/Library/Java/Extensions:/System/Library/Java/Extensions:/usr/lib/java:.]
11:14:45.273 [localhost-startStop-1] INFO  o.a.c.c.C.[Tomcat].[localhost].[/] - Initializing Spring embedded WebApplicationContext
11:14:45.273 [localhost-startStop-1] INFO  o.s.web.context.ContextLoader - Root WebApplicationContext: initialization completed in 1010 ms
11:14:45.325 [localhost-startStop-1] INFO  o.s.b.w.s.ServletRegistrationBean - Servlet dispatcherServlet mapped to [/]
11:14:45.329 [localhost-startStop-1] INFO  o.s.b.w.s.FilterRegistrationBean - Mapping filter: 'characterEncodingFilter' to: [/*]
11:14:45.329 [localhost-startStop-1] INFO  o.s.b.w.s.FilterRegistrationBean - Mapping filter: 'hiddenHttpMethodFilter' to: [/*]
11:14:45.329 [localhost-startStop-1] INFO  o.s.b.w.s.FilterRegistrationBean - Mapping filter: 'httpPutFormContentFilter' to: [/*]
11:14:45.329 [localhost-startStop-1] INFO  o.s.b.w.s.FilterRegistrationBean - Mapping filter: 'requestContextFilter' to: [/*]
11:14:45.436 [main] INFO  o.s.w.s.h.SimpleUrlHandlerMapping - Mapped URL path [/**/favicon.ico] onto handler of type [class org.springframework.web.servlet.resource.ResourceHttpRequestHandler]
11:14:45.595 [main] INFO  o.s.w.s.m.m.a.RequestMappingHandlerAdapter - Looking for @ControllerAdvice: org.springframework.boot.web.servlet.context.AnnotationConfigServletWebServerApplicationContext@674e61cd: startup date [Mon Sep 17 11:14:44 EDT 2018]; root of context hierarchy
11:14:45.663 [main] INFO  o.s.w.s.m.m.a.RequestMappingHandlerMapping - Mapped "{[/]}" onto java.lang.String Example.home()
11:14:45.667 [main] INFO  o.s.w.s.m.m.a.RequestMappingHandlerMapping - Mapped "{[/error]}" onto public org.springframework.http.ResponseEntity<java.util.Map<java.lang.String, java.lang.Object>> org.springframework.boot.autoconfigure.web.servlet.error.BasicErrorController.error(javax.servlet.http.HttpServletRequest)
11:14:45.668 [main] INFO  o.s.w.s.m.m.a.RequestMappingHandlerMapping - Mapped "{[/error],produces=[text/html]}" onto public org.springframework.web.servlet.ModelAndView org.springframework.boot.autoconfigure.web.servlet.error.BasicErrorController.errorHtml(javax.servlet.http.HttpServletRequest,javax.servlet.http.HttpServletResponse)
11:14:45.690 [main] INFO  o.s.w.s.h.SimpleUrlHandlerMapping - Mapped URL path [/webjars/**] onto handler of type [class org.springframework.web.servlet.resource.ResourceHttpRequestHandler]
11:14:45.690 [main] INFO  o.s.w.s.h.SimpleUrlHandlerMapping - Mapped URL path [/**] onto handler of type [class org.springframework.web.servlet.resource.ResourceHttpRequestHandler]
11:14:45.819 [main] INFO  o.s.j.e.a.AnnotationMBeanExporter - Registering beans for JMX exposure on startup
11:14:45.832 [main] INFO  o.a.coyote.http11.Http11NioProtocol - Starting ProtocolHandler ["http-nio-8080"]
11:14:45.843 [main] INFO  o.a.tomcat.util.net.NioSelectorPool - Using a shared selector for servlet write/read
11:14:45.858 [main] INFO  o.s.b.w.e.tomcat.TomcatWebServer - Tomcat started on port(s): 8080 (http) with context path ''
11:14:45.863 [main] INFO  Example - Started Example in 2.495 seconds (JVM running for 5.411)
11:14:51.552 [http-nio-8080-exec-1] INFO  o.a.c.c.C.[Tomcat].[localhost].[/] - Initializing Spring FrameworkServlet 'dispatcherServlet'
11:14:51.552 [http-nio-8080-exec-1] INFO  o.s.web.servlet.DispatcherServlet - FrameworkServlet 'dispatcherServlet': initialization started
11:14:51.569 [http-nio-8080-exec-1] INFO  o.s.web.servlet.DispatcherServlet - FrameworkServlet 'dispatcherServlet': initialization completed in 17 ms
11:14:54.141 [http-nio-8080-exec-1] INFO  datomic.process-monitor - {:event :metrics/initializing, :metricsCallback clojure.core/identity, :phase :begin, :pid 3069, :tid 21}
11:14:54.143 [http-nio-8080-exec-1] INFO  datomic.process-monitor - {:event :metrics/initializing, :metricsCallback clojure.core/identity, :msec 0.736, :phase :end, :pid 3069, :tid 21}
11:14:54.143 [http-nio-8080-exec-1] INFO  datomic.process-monitor - {:metrics/started clojure.core/identity, :pid 3069, :tid 21}
11:14:54.146 [clojure-agent-send-off-pool-0] INFO  datomic.process-monitor - {:AvailableMB 3470.0, :event :metrics, :pid 3069, :tid 37}
11:14:54.154 [clojure-agent-send-off-pool-0] INFO  datomic.kv-cluster - {:event :kv-cluster/get-pod, :pod-key "pod-catalog", :phase :begin, :pid 3069, :tid 37}
11:14:54.261 [clojure-agent-send-off-pool-0] INFO  datomic.kv-cluster - {:event :kv-cluster/get-pod, :pod-key "pod-catalog", :msec 107.0, :phase :end, :pid 3069, :tid 37}
11:14:54.264 [http-nio-8080-exec-1] INFO  datomic.domain - {:event :cache/create, :cache-bytes 1908932608, :pid 3069, :tid 21}
11:14:54.275 [http-nio-8080-exec-1] INFO  datomic.peer - {:event :peer/connect-transactor, :host "localhost", :alt-host nil, :port 4334, :version "0.9.5385", :pid 3069, :tid 21}
11:14:54.871 [Thread-0 (HornetQ-client-global-threads-1819383826)] ERROR org.hornetq.core.client - HQ214000: Failed to call onMessage
java.io.EOFException: null
	at org.fressian.impl.RawInput.readRawByte(RawInput.java:40)
	at org.fressian.FressianReader.readNextCode(FressianReader.java:927)
	at org.fressian.FressianReader.readObject(FressianReader.java:274)
	at datomic.hornet$create_deserializer$fn__6605.invoke(hornet.clj:353)
	at datomic.hornet$create_rpc_client$fn__6638.invoke(hornet.clj:412)
	at datomic.hornet$set_handler$reify__6592.onMessage(hornet.clj:288)
	at org.hornetq.core.client.impl.ClientConsumerImpl.callOnMessage(ClientConsumerImpl.java:1116)
	at org.hornetq.core.client.impl.ClientConsumerImpl.access$500(ClientConsumerImpl.java:56)
	at org.hornetq.core.client.impl.ClientConsumerImpl$Runner.run(ClientConsumerImpl.java:1251)
	at org.hornetq.utils.OrderedExecutorFactory$OrderedExecutor$1.run(OrderedExecutorFactory.java:104)
	at java.util.concurrent.ThreadPoolExecutor.runWorker(ThreadPoolExecutor.java:1149)
	at java.util.concurrent.ThreadPoolExecutor$Worker.run(ThreadPoolExecutor.java:624)
	at java.lang.Thread.run(Thread.java:748)
11:15:54.149 [Datomic Metrics Reporter] INFO  datomic.process-monitor - {:MetricsReport {:lo 1, :hi 1, :sum 1, :count 1}, :PodGetMsec {:lo 107, :hi 107, :sum 107, :count 1}, :AvailableMB 3400.0, :event :metrics, :pid 3069, :tid 38}
11:15:54.893 [http-nio-8080-exec-1] ERROR o.a.c.c.C.[.[.[.[dispatcherServlet] - Servlet.service() for servlet [dispatcherServlet] in context with path [] threw exception [Request processing failed; nested exception is clojure.lang.ExceptionInfo: Transactor request timed out {:db/error :peer/request-timed-out, :request :start-database, :result #object[java.lang.Object 0x29b49252 "java.lang.Object@29b49252"]}] with root cause
clojure.lang.ExceptionInfo: Transactor request timed out
	at clojure.core$ex_info.invokeStatic(core.clj:4617)
	at clojure.core$ex_info.invoke(core.clj:4617)
	at datomic.peer.Connection$fn__8430.invoke(peer.clj:242)
	at datomic.peer.Connection.create_connection_state(peer.clj:223)
	at datomic.peer$create_connection$reconnect_fn__8505.invoke(peer.clj:487)
	at datomic.peer$create_connection.invokeStatic(peer.clj:488)
	at datomic.peer$create_connection.invoke(peer.clj:452)
	at datomic.peer$get_connection$fn__8559$fn__8561.invoke(peer.clj:666)
	at datomic.peer$get_connection$fn__8559.invoke(peer.clj:663)
	at datomic.peer$get_connection.invokeStatic(peer.clj:659)
	at datomic.peer$get_connection.invoke(peer.clj:656)
	at datomic.peer$connect_uri.invokeStatic(peer.clj:741)
	at datomic.peer$connect_uri.invoke(peer.clj:733)
	at clojure.lang.Var.invoke(Var.java:379)
	at datomic.Peer.connect(Peer.java:106)
	at Example.home(Example.java:26)
	at sun.reflect.NativeMethodAccessorImpl.invoke0(Native Method)
	at sun.reflect.NativeMethodAccessorImpl.invoke(NativeMethodAccessorImpl.java:62)
	at sun.reflect.DelegatingMethodAccessorImpl.invoke(DelegatingMethodAccessorImpl.java:43)
	at java.lang.reflect.Method.invoke(Method.java:498)
	at org.springframework.web.method.support.InvocableHandlerMethod.doInvoke(InvocableHandlerMethod.java:209)
	at org.springframework.web.method.support.InvocableHandlerMethod.invokeForRequest(InvocableHandlerMethod.java:136)
	at org.springframework.web.servlet.mvc.method.annotation.ServletInvocableHandlerMethod.invokeAndHandle(ServletInvocableHandlerMethod.java:102)
	at org.springframework.web.servlet.mvc.method.annotation.RequestMappingHandlerAdapter.invokeHandlerMethod(RequestMappingHandlerAdapter.java:891)
	at org.springframework.web.servlet.mvc.method.annotation.RequestMappingHandlerAdapter.handleInternal(RequestMappingHandlerAdapter.java:797)
	at org.springframework.web.servlet.mvc.method.AbstractHandlerMethodAdapter.handle(AbstractHandlerMethodAdapter.java:87)
	at org.springframework.web.servlet.DispatcherServlet.doDispatch(DispatcherServlet.java:991)
	at org.springframework.web.servlet.DispatcherServlet.doService(DispatcherServlet.java:925)
	at org.springframework.web.servlet.FrameworkServlet.processRequest(FrameworkServlet.java:974)
	at org.springframework.web.servlet.FrameworkServlet.doGet(FrameworkServlet.java:866)
	at javax.servlet.http.HttpServlet.service(HttpServlet.java:635)
	at org.springframework.web.servlet.FrameworkServlet.service(FrameworkServlet.java:851)
	at javax.servlet.http.HttpServlet.service(HttpServlet.java:742)
	at org.apache.catalina.core.ApplicationFilterChain.internalDoFilter(ApplicationFilterChain.java:231)
	at org.apache.catalina.core.ApplicationFilterChain.doFilter(ApplicationFilterChain.java:166)
	at org.apache.tomcat.websocket.server.WsFilter.doFilter(WsFilter.java:52)
	at org.apache.catalina.core.ApplicationFilterChain.internalDoFilter(ApplicationFilterChain.java:193)
	at org.apache.catalina.core.ApplicationFilterChain.doFilter(ApplicationFilterChain.java:166)
	at org.springframework.web.filter.RequestContextFilter.doFilterInternal(RequestContextFilter.java:99)
	at org.springframework.web.filter.OncePerRequestFilter.doFilter(OncePerRequestFilter.java:107)
	at org.apache.catalina.core.ApplicationFilterChain.internalDoFilter(ApplicationFilterChain.java:193)
	at org.apache.catalina.core.ApplicationFilterChain.doFilter(ApplicationFilterChain.java:166)
	at org.springframework.web.filter.HttpPutFormContentFilter.doFilterInternal(HttpPutFormContentFilter.java:109)
	at org.springframework.web.filter.OncePerRequestFilter.doFilter(OncePerRequestFilter.java:107)
	at org.apache.catalina.core.ApplicationFilterChain.internalDoFilter(ApplicationFilterChain.java:193)
	at org.apache.catalina.core.ApplicationFilterChain.doFilter(ApplicationFilterChain.java:166)
	at org.springframework.web.filter.HiddenHttpMethodFilter.doFilterInternal(HiddenHttpMethodFilter.java:93)
	at org.springframework.web.filter.OncePerRequestFilter.doFilter(OncePerRequestFilter.java:107)
	at org.apache.catalina.core.ApplicationFilterChain.internalDoFilter(ApplicationFilterChain.java:193)
	at org.apache.catalina.core.ApplicationFilterChain.doFilter(ApplicationFilterChain.java:166)
	at org.springframework.web.filter.CharacterEncodingFilter.doFilterInternal(CharacterEncodingFilter.java:200)
	at org.springframework.web.filter.OncePerRequestFilter.doFilter(OncePerRequestFilter.java:107)
	at org.apache.catalina.core.ApplicationFilterChain.internalDoFilter(ApplicationFilterChain.java:193)
	at org.apache.catalina.core.ApplicationFilterChain.doFilter(ApplicationFilterChain.java:166)
	at org.apache.catalina.core.StandardWrapperValve.invoke(StandardWrapperValve.java:198)
	at org.apache.catalina.core.StandardContextValve.invoke(StandardContextValve.java:96)
	at org.apache.catalina.authenticator.AuthenticatorBase.invoke(AuthenticatorBase.java:493)
	at org.apache.catalina.core.StandardHostValve.invoke(StandardHostValve.java:140)
	at org.apache.catalina.valves.ErrorReportValve.invoke(ErrorReportValve.java:81)
	at org.apache.catalina.core.StandardEngineValve.invoke(StandardEngineValve.java:87)
	at org.apache.catalina.connector.CoyoteAdapter.service(CoyoteAdapter.java:342)
	at org.apache.coyote.http11.Http11Processor.service(Http11Processor.java:800)
	at org.apache.coyote.AbstractProcessorLight.process(AbstractProcessorLight.java:66)
	at org.apache.coyote.AbstractProtocol$ConnectionHandler.process(AbstractProtocol.java:806)
	at org.apache.tomcat.util.net.NioEndpoint$SocketProcessor.doRun(NioEndpoint.java:1498)
	at org.apache.tomcat.util.net.SocketProcessorBase.run(SocketProcessorBase.java:49)
	at java.util.concurrent.ThreadPoolExecutor.runWorker(ThreadPoolExecutor.java:1149)
	at java.util.concurrent.ThreadPoolExecutor$Worker.run(ThreadPoolExecutor.java:624)
	at org.apache.tomcat.util.threads.TaskThread$WrappingRunnable.run(TaskThread.java:61)
	at java.lang.Thread.run(Thread.java:748)
11:16:18.415 [Thread-3] INFO  o.s.b.w.s.c.AnnotationConfigServletWebServerApplicationContext - Closing org.springframework.boot.web.servlet.context.AnnotationConfigServletWebServerApplicationContext@674e61cd: startup date [Mon Sep 17 11:14:44 EDT 2018]; root of context hierarchy
11:16:18.417 [Thread-3] INFO  o.s.j.e.a.AnnotationMBeanExporter - Unregistering JMX-exposed beans on shutdown
